<?xml version="1.0" encoding="UTF-8"?>
<!-- Generated by org.testng.reporters.JUnitXMLReporter -->
<testsuite ignored="0" hostname="Bhargavi" failures="0" tests="8" name="Test1" time="0.622" errors="0" timestamp="2024-09-19T11:28:47 IST">
  <testcase classname="com.aventstack.extentreports.repoter.NewTestNgEx" name="f1" time="0.022"/>
  <testcase classname="com.aventstack.extentreports.repoter.NewTestNgEx" name="f2" time="0.004"/>
  <testcase classname="com.aventstack.extentreports.repoter.NewTestNgEx" name="f3" time="0.001"/>
  <testcase classname="com.aventstack.extentreports.repoter.NewTestNgEx" name="f4" time="0.002"/>
  <testcase classname="com.aventstack.extentreports.repoter.NewTestNgEx" name="f5" time="0.003"/>
  <testcase classname="com.aventstack.extentreports.repoter.NewTestNgEx" name="f6" time="0.001"/>
  <testcase classname="com.aventstack.extentreports.repoter.NewTestNgEx" name="f7" time="0.001"/>
  <testcase classname="com.aventstack.extentreports.repoter.NewTestNgEx" name="f8" time="0.002"/>
</testsuite> <!-- Test1 -->
