<?xml version="1.0" encoding="UTF-8"?>
<!-- Generated by org.testng.reporters.JUnitXMLReporter -->
<testsuite ignored="2" hostname="Bhargavi" failures="4" tests="8" name="Test" time="12.775" errors="0" timestamp="2024-09-19T23:09:24 IST">
  <testcase classname="Testcases.GfgLoginTest" name="Setupgfglogin" time="0.008">
    <failure type="java.lang.NullPointerException" message="Cannot invoke &amp;quot;WebPages.Gfgloginpage.setupgfgLogin(String, String)&amp;quot; because &amp;quot;this.obj&amp;quot; is null">
      <![CDATA[java.lang.NullPointerException: Cannot invoke "WebPages.Gfgloginpage.setupgfgLogin(String, String)" because "this.obj" is null
at Testcases.GfgLoginTest.Setupgfglogin(GfgLoginTest.java:11)
at java.base/java.util.concurrent.Executors$RunnableAdapter.call(Executors.java:577)
at java.base/java.util.concurrent.FutureTask.run(FutureTask.java:317)
at java.base/java.util.concurrent.ThreadPoolExecutor.runWorker(ThreadPoolExecutor.java:1144)
at java.base/java.util.concurrent.ThreadPoolExecutor$Worker.run(ThreadPoolExecutor.java:642)
at java.base/java.lang.Thread.run(Thread.java:1623)
... Removed 11 stack frames]]>
    </failure>
  </testcase> <!-- Setupgfglogin -->
  <testcase classname="Testcases.GfgLoginTest" name="verifypageTitle" time="0.001">
    <failure type="java.lang.NullPointerException" message="Cannot invoke &amp;quot;WebPages.Gfgloginpage.verifyTitle()&amp;quot; because &amp;quot;this.obj&amp;quot; is null">
      <![CDATA[java.lang.NullPointerException: Cannot invoke "WebPages.Gfgloginpage.verifyTitle()" because "this.obj" is null
at Testcases.GfgLoginTest.verifypageTitle(GfgLoginTest.java:17)
at java.base/java.util.concurrent.Executors$RunnableAdapter.call(Executors.java:577)
at java.base/java.util.concurrent.FutureTask.run(FutureTask.java:317)
at java.base/java.util.concurrent.ThreadPoolExecutor.runWorker(ThreadPoolExecutor.java:1144)
at java.base/java.util.concurrent.ThreadPoolExecutor$Worker.run(ThreadPoolExecutor.java:642)
at java.base/java.lang.Thread.run(Thread.java:1623)
... Removed 11 stack frames]]>
    </failure>
  </testcase> <!-- verifypageTitle -->
  <testcase classname="Testcases.GfgLoginTest" name="verifymainPage" time="0.002">
    <failure type="java.lang.NullPointerException" message="Cannot invoke &amp;quot;WebPages.Gfgloginpage.gfgMainPage()&amp;quot; because &amp;quot;this.obj&amp;quot; is null">
      <![CDATA[java.lang.NullPointerException: Cannot invoke "WebPages.Gfgloginpage.gfgMainPage()" because "this.obj" is null
at Testcases.GfgLoginTest.verifymainPage(GfgLoginTest.java:26)
at java.base/java.util.concurrent.Executors$RunnableAdapter.call(Executors.java:577)
at java.base/java.util.concurrent.FutureTask.run(FutureTask.java:317)
at java.base/java.util.concurrent.ThreadPoolExecutor.runWorker(ThreadPoolExecutor.java:1144)
at java.base/java.util.concurrent.ThreadPoolExecutor$Worker.run(ThreadPoolExecutor.java:642)
at java.base/java.lang.Thread.run(Thread.java:1623)
... Removed 11 stack frames]]>
    </failure>
  </testcase> <!-- verifymainPage -->
  <testcase classname="Testcases.GfgLoginTest" name="sbox" time="0.003">
    <failure type="java.lang.NullPointerException" message="Cannot invoke &amp;quot;WebPages.Gfgloginpage.searchbox1(String)&amp;quot; because &amp;quot;this.obj&amp;quot; is null">
      <![CDATA[java.lang.NullPointerException: Cannot invoke "WebPages.Gfgloginpage.searchbox1(String)" because "this.obj" is null
at Testcases.GfgLoginTest.sbox(GfgLoginTest.java:31)
at java.base/java.util.concurrent.Executors$RunnableAdapter.call(Executors.java:577)
at java.base/java.util.concurrent.FutureTask.run(FutureTask.java:317)
at java.base/java.util.concurrent.ThreadPoolExecutor.runWorker(ThreadPoolExecutor.java:1144)
at java.base/java.util.concurrent.ThreadPoolExecutor$Worker.run(ThreadPoolExecutor.java:642)
at java.base/java.lang.Thread.run(Thread.java:1623)
... Removed 11 stack frames]]>
    </failure>
  </testcase> <!-- sbox -->
  <testcase classname="Testcases.GfgLoginTest2" name="Setupgfglogin" time="0.335"/>
  <testcase classname="Testcases.GfgLoginTest2" name="verifypageTitle" time="0.06"/>
  <testcase classname="Testcases.GfgLoginTest2" name="verifymainPage" time="1.521"/>
  <testcase classname="Testcases.GfgLoginTest2" name="sbox" time="3.175"/>
  <testcase classname="Testcases.BaseTest" name="@BeforeTest Setup" time="0.0">
    <ignored/>
  </testcase> <!-- @BeforeTest Setup -->
  <testcase classname="Testcases.BaseTest" name="@AfterTest tearDown" time="0.0">
    <ignored/>
  </testcase> <!-- @AfterTest tearDown -->
</testsuite> <!-- Test -->
