<?xml version="1.0" encoding="UTF-8"?>
<testng-results ignored="0" total="4" passed="4" failed="0" skipped="0">
  <reporter-output>
  </reporter-output>
  <suite started-at="2024-10-24T09:12:07Z" name="Default suite" finished-at="2024-10-24T09:12:21Z" duration-ms="14435">
    <groups>
    </groups>
    <test started-at="2024-10-24T09:12:07Z" name="Default test" finished-at="2024-10-24T09:12:21Z" duration-ms="14435">
      <class name="Testcases.GfgLoginTest">
        <test-method is-config="true" signature="Setup()[pri:0, instance:Testcases.GfgLoginTest@4007f65e]" started-at="2024-10-24T14:42:07Z" name="Setup" finished-at="2024-10-24T14:42:13Z" duration-ms="6074" status="PASS">
          <reporter-output>
          </reporter-output>
        </test-method> <!-- Setup -->
        <test-method signature="Setupgfglogin()[pri:1, instance:Testcases.GfgLoginTest@4007f65e]" started-at="2024-10-24T14:42:13Z" name="Setupgfglogin" finished-at="2024-10-24T14:42:13Z" duration-ms="307" status="PASS">
          <reporter-output>
          </reporter-output>
        </test-method> <!-- Setupgfglogin -->
        <test-method signature="verifypageTitle()[pri:2, instance:Testcases.GfgLoginTest@4007f65e]" started-at="2024-10-24T14:42:13Z" name="verifypageTitle" finished-at="2024-10-24T14:42:13Z" duration-ms="14" status="PASS">
          <reporter-output>
          </reporter-output>
        </test-method> <!-- verifypageTitle -->
        <test-method signature="verifymainPage()[pri:3, instance:Testcases.GfgLoginTest@4007f65e]" started-at="2024-10-24T14:42:13Z" name="verifymainPage" finished-at="2024-10-24T14:42:15Z" duration-ms="1498" status="PASS">
          <reporter-output>
          </reporter-output>
        </test-method> <!-- verifymainPage -->
        <test-method signature="sbox()[pri:4, instance:Testcases.GfgLoginTest@4007f65e]" started-at="2024-10-24T14:42:15Z" name="sbox" finished-at="2024-10-24T14:42:18Z" duration-ms="3259" status="PASS">
          <reporter-output>
          </reporter-output>
        </test-method> <!-- sbox -->
        <test-method is-config="true" signature="tearDown()[pri:0, instance:Testcases.GfgLoginTest@4007f65e]" started-at="2024-10-24T14:42:18Z" name="tearDown" finished-at="2024-10-24T14:42:21Z" duration-ms="3258" status="PASS">
          <reporter-output>
          </reporter-output>
        </test-method> <!-- tearDown -->
      </class> <!-- Testcases.GfgLoginTest -->
    </test> <!-- Default test -->
  </suite> <!-- Default suite -->
</testng-results>
