<?xml version="1.0" encoding="UTF-8"?>
<!-- Generated by org.testng.reporters.JUnitXMLReporter -->
<testsuite ignored="0" hostname="Bhargavi" failures="0" tests="4" name="Default test" time="14.435" errors="0" timestamp="24 Oct 2024 09:12:21 GMT">
  <testcase classname="Testcases.GfgLoginTest" name="Setupgfglogin" time="0.307"/>
  <testcase classname="Testcases.GfgLoginTest" name="verifypageTitle" time="0.014"/>
  <testcase classname="Testcases.GfgLoginTest" name="verifymainPage" time="1.498"/>
  <testcase classname="Testcases.GfgLoginTest" name="sbox" time="3.259"/>
</testsuite> <!-- Default test -->
