<?xml version="1.0" encoding="UTF-8"?>
<!-- Generated by org.testng.reporters.JUnitXMLReporter -->
<testsuite ignored="0" hostname="Bhargavi" failures="2"
	tests="9" name="Test" time="0.05" errors="0"
	timestamp="02 Oct 2024 10:20:59 GMT">
	<testcase classname="TestNgListeners.com.ListenersDemo2"
		name="test4" time="0.013" />
	<testcase classname="TestNgListeners.com.ListenersDemo"
		name="test3" time="0.013">
		<skipped />
	</testcase> <!-- test3 -->
	<testcase classname="TestNgListeners.com.ListenersDemo2"
		name="test5" time="0.014" />
	<testcase classname="TestNgListeners.com.ListenersDemo"
		name="test1" time="0.014" />
	<testcase classname="TestNgListeners.com.ListenersDemo"
		name="test2" time="0.016">
		<failure type="java.lang.AssertionError"
			message="expected [true] but found [false]">
      <![CDATA[java.lang.AssertionError: expected [true] but found [false]
	at TestNgListeners.com.ListenersDemo.test2(ListenersDemo.java:20)
	at java.base/java.util.concurrent.ThreadPoolExecutor.runWorker(ThreadPoolExecutor.java:1144)
	at java.base/java.util.concurrent.ThreadPoolExecutor$Worker.run(ThreadPoolExecutor.java:642)
	at java.base/java.lang.Thread.run(Thread.java:1623)
... Removed 12 stack frames]]>
		</failure>
	</testcase> <!-- test2 -->
	<testcase classname="TestNgListeners.com.ReportDemo"
		name="TestFailure" time="0.002">
		<failure type="java.lang.AssertionError"
			message="expected [true] but found [false]">
      <![CDATA[java.lang.AssertionError: expected [true] but found [false]
	at TestNgListeners.com.ReportDemo.TestFailure(ReportDemo.java:17)
	at java.base/java.util.concurrent.ThreadPoolExecutor.runWorker(ThreadPoolExecutor.java:1144)
	at java.base/java.util.concurrent.ThreadPoolExecutor$Worker.run(ThreadPoolExecutor.java:642)
	at java.base/java.lang.Thread.run(Thread.java:1623)
... Removed 12 stack frames]]>
		</failure>
	</testcase> <!-- TestFailure -->
	<testcase classname="TestNgListeners.com.ReportDemo"
		name="TestSkipped" time="0.001">
		<skipped />
	</testcase> <!-- TestSkipped -->
	<testcase classname="TestNgListeners.com.ListenersDemo2"
		name="test6" time="0.004">
		<skipped />
	</testcase> <!-- test6 -->
	<testcase classname="TestNgListeners.com.ReportDemo"
		name="Testsuccess" time="0.005" />
</testsuite> <!-- Test -->
